<?xml version="1.0" encoding="UTF-8"?>
<testsuites name="_Homepage Tests" time="412" tests="5" failures="0" errors="0">
   <testsuite name="_Homepage Tests" tests="5" failures="0" errors="0" time="412" timestamp="2018-11-18 15:41:14" hostname="Tezza - DESKTOP-CTRD12V" id="Test Suites/_Homepage Tests">
      <properties>
         <property name="deviceName" value=""/>
         <property name="devicePlatform" value=""/>
         <property name="logFolder" value="C:\\Users\\Tezza\\Desktop\\BankOfKigali\\Bank_Of_Kigali\\Reports\\_Homepage Tests\\20181118_154110"/>
         <property name="logFiles" value="C:\\Users\\Tezza\\Desktop\\BankOfKigali\\Bank_Of_Kigali\\Reports\\_Homepage Tests\\20181118_154110\\execution0.log"/>
         <property name="attachments" value=""/>
         <property name="hostName" value="Tezza - DESKTOP-CTRD12V"/>
         <property name="os" value="Windows 10 64bit"/>
         <property name="katalonVersion" value="5.4.1.1"/>
         <property name="browser" value="Chrome 70.0.3538.102"/>
         <property name="hostAddress" value="192.168.43.53"/>
         <property name="sessionId" value="c7dfbf74c36c783ac63b8bc519631895"/>
         <property name="seleniumVersion" value="3.7.1"/>
         <property name="proxyInformation" value="ProxyInformation{proxyOption=NO_PROXY, proxyServerType=HTTP, password=, proxyServerAddress=, proxyServerPort=0}"/>
         <property name="platform" value="Windows 10"/>
      </properties>
      <testcase name="Test Cases/Navigate to Homepage" classname="Test Cases/Navigate to Homepage" status="PASSED">
         <system-out><![CDATA[2018-11-18 15:41:15 - [TEST_CASE][PASSED] - Test Cases/Navigate to Homepage: Test Cases/Navigate to Homepage

2018-11-18 15:41:16 - [TEST_STEP][PASSED] - openBrowser: Browser is opened with url: 'https://www.bk.rw/personal'

2018-11-18 15:43:30 - [MESSAGE][PASSED] - Browser is opened with url: 'https://www.bk.rw/personal'

2018-11-18 15:43:30 - [TEST_STEP][PASSED] - maximizeWindow: Current window maximized

2018-11-18 15:43:31 - [MESSAGE][PASSED] - Current window maximized

2018-11-18 15:43:31 - [TEST_STEP][PASSED] - delay: Delayed 2 second(s)

2018-11-18 15:43:33 - [MESSAGE][PASSED] - Delayed 2 second(s)]]></system-out>
         <system-err><![CDATA[]]></system-err>
      </testcase>
      <testcase name="Test Cases/_Homepage/1. Verify- Homepage Sections" classname="Test Cases/_Homepage/1. Verify- Homepage Sections" status="PASSED">
         <system-out><![CDATA[2018-11-18 15:43:33 - [TEST_CASE][PASSED] - Test Cases/_Homepage/1. Verify- Homepage Sections: Test Cases/_Homepage/1. Verify- Homepage Sections

2018-11-18 15:43:34 - [TEST_STEP][PASSED] - Statement - log = new com.kms.katalon.core.logging.KeywordLogger(): null

2018-11-18 15:43:34 - [TEST_STEP][PASSED] - scrollToPosition: Browser is scrolled to position x = 0, y = 500

2018-11-18 15:43:34 - [MESSAGE][PASSED] - Browser is scrolled to position x = 0, y = 500

2018-11-18 15:43:34 - [TEST_STEP][PASSED] - delay: Delayed 1 second(s)

2018-11-18 15:43:35 - [MESSAGE][PASSED] - Delayed 1 second(s)

2018-11-18 15:43:35 - [TEST_STEP][PASSED] - Statement - If (com.kms.katalon.core.webui.keyword.WebUiBuiltInKeywords.verifyTextPresent("Open account", false, OPTIONAL)): OPEN ACCOUNT is Present On Page

2018-11-18 15:43:35 - [MESSAGE][PASSED] - Text 'Open account' is present on page 

2018-11-18 15:43:35 - [TEST_STEP][PASSED] - Statement - log.logWarning("OPEN ACCOUNT is Present On Page"): OPEN ACCOUNT is Present On Page

2018-11-18 15:43:35 - [MESSAGE][WARNING] - OPEN ACCOUNT is Present On Page

2018-11-18 15:43:35 - [TEST_STEP][PASSED] - Statement - If (com.kms.katalon.core.webui.keyword.WebUiBuiltInKeywords.verifyTextPresent("Get a loan", false, OPTIONAL)): GET A LOAN is Present on Page

2018-11-18 15:43:35 - [MESSAGE][PASSED] - Text 'Get a loan' is present on page 

2018-11-18 15:43:35 - [TEST_STEP][PASSED] - Statement - log.logWarning("GET A LOAN is Present on Page"): GET A LOAN is Present on Page

2018-11-18 15:43:35 - [MESSAGE][WARNING] - GET A LOAN is Present on Page

2018-11-18 15:43:35 - [TEST_STEP][PASSED] - Statement - If (com.kms.katalon.core.webui.keyword.WebUiBuiltInKeywords.verifyTextPresent("Get a Mortgage", false, OPTIONAL)): GET A MORTAGE is present on Page

2018-11-18 15:43:36 - [MESSAGE][PASSED] - Text 'Get a Mortgage' is present on page 

2018-11-18 15:43:36 - [TEST_STEP][PASSED] - Statement - log.logWarning("GET A MORTAGE is present on Page"): GET A MORTAGE is present on Page

2018-11-18 15:43:36 - [MESSAGE][WARNING] - GET A MORTAGE is present on Page

2018-11-18 15:43:36 - [TEST_STEP][PASSED] - Statement - If (com.kms.katalon.core.webui.keyword.WebUiBuiltInKeywords.verifyTextPresent("Card Center", false, OPTIONAL)): CARD CENTER is Present on Page

2018-11-18 15:43:36 - [MESSAGE][PASSED] - Text 'Card Center' is present on page 

2018-11-18 15:43:36 - [TEST_STEP][PASSED] - Statement - log.logWarning("CARD CENTER is Present on Page"): CARD CENTER is Present on Page

2018-11-18 15:43:36 - [MESSAGE][WARNING] - CARD CENTER is Present on Page]]></system-out>
         <system-err><![CDATA[]]></system-err>
      </testcase>
      <testcase name="Test Cases/_Homepage/2. Verify- Open Account Section Available Links" classname="Test Cases/_Homepage/2. Verify- Open Account Section Available Links" status="PASSED">
         <system-out><![CDATA[2018-11-18 15:43:36 - [TEST_CASE][PASSED] - Test Cases/_Homepage/2. Verify- Open Account Section Available Links: Test Cases/_Homepage/2. Verify- Open Account Section Available Links

2018-11-18 15:43:37 - [TEST_STEP][PASSED] - Statement - log = new com.kms.katalon.core.logging.KeywordLogger(): null

2018-11-18 15:43:37 - [TEST_STEP][PASSED] - delay: Delayed 1 second(s)

2018-11-18 15:43:38 - [MESSAGE][PASSED] - Delayed 1 second(s)

2018-11-18 15:43:38 - [TEST_STEP][PASSED] - scrollToPosition: Browser is scrolled to position x = 0, y = 500

2018-11-18 15:43:38 - [MESSAGE][PASSED] - Browser is scrolled to position x = 0, y = 500

2018-11-18 15:43:38 - [TEST_STEP][PASSED] - delay: Delayed 1 second(s)

2018-11-18 15:43:39 - [MESSAGE][PASSED] - Delayed 1 second(s)

2018-11-18 15:43:39 - [TEST_STEP][PASSED] - Statement - driver = com.kms.katalon.core.webui.driver.DriverFactory.getWebDriver(): null

2018-11-18 15:43:39 - [TEST_STEP][PASSED] - Statement - Links = driver.findElement(org.openqa.selenium.By.xpath("//div[@class='container personal-home-shtcuts']/div/div[1]//ul/li")): null

2018-11-18 15:43:39 - [TEST_STEP][PASSED] - Statement - sumLinks = Links.findElements(org.openqa.selenium.By.xpath("//div[@class='container personal-home-shtcuts']/div/div[1]//ul/li/a")): null

2018-11-18 15:43:39 - [TEST_STEP][PASSED] - Statement - TotalLinks = sumLinks.size(): null

2018-11-18 15:43:39 - [TEST_STEP][PASSED] - Statement - log.logWarning("Number of Links= " + TotalLinks): Number of Links= 7

2018-11-18 15:43:39 - [MESSAGE][WARNING] - Number of Links= 7

2018-11-18 15:43:39 - [TEST_STEP][PASSED] - Statement - For ([links = 1, links <= TotalLinks, (links++)]): Verified Link Name |Kira Kibondo| Against Expected Link Names

2018-11-18 15:43:39 - [TEST_STEP][PASSED] - Statement - LinkName = com.kms.katalon.core.webui.keyword.WebUiBuiltInKeywords.getText(com.kms.katalon.core.testobject.ObjectRepository.findTestObject(Homepage/Open Account_Link Name, [linkName:links])): Text of object 'Object Repository/Homepage/Open Account_Link Name' is: 'Personal Current'

2018-11-18 15:43:39 - [MESSAGE][PASSED] - Text of object 'Object Repository/Homepage/Open Account_Link Name' is: 'Personal Current'

2018-11-18 15:43:39 - [TEST_STEP][PASSED] - Statement - log.logWarning("Link Number |" + links + "|" + " is Named -> " + LinkName): Link Number |1| is Named -> Personal Current

2018-11-18 15:43:39 - [MESSAGE][WARNING] - Link Number |1| is Named -> Personal Current

2018-11-18 15:43:39 - [TEST_STEP][PASSED] - Statement - If (LinkName.contains(link_1) || LinkName.contains(link_2) || LinkName.contains(link_3) || LinkName.contains(link_4) || LinkName.contains(link_5) || LinkName.contains(link_6) || LinkName.contains(link_7)): Verified Link Name |Personal Current| Against Expected Link Names

2018-11-18 15:43:39 - [TEST_STEP][PASSED] - Statement - log.logWarning("Verified Link Name |" + LinkName + "| Against Expected Link Names"): Verified Link Name |Personal Current| Against Expected Link Names

2018-11-18 15:43:39 - [MESSAGE][WARNING] - Verified Link Name |Personal Current| Against Expected Link Names

2018-11-18 15:43:39 - [TEST_STEP][PASSED] - Statement - LinkName = com.kms.katalon.core.webui.keyword.WebUiBuiltInKeywords.getText(com.kms.katalon.core.testobject.ObjectRepository.findTestObject(Homepage/Open Account_Link Name, [linkName:links])): Text of object 'Object Repository/Homepage/Open Account_Link Name' is: 'Joint Account'

2018-11-18 15:43:39 - [MESSAGE][PASSED] - Text of object 'Object Repository/Homepage/Open Account_Link Name' is: 'Joint Account'

2018-11-18 15:43:39 - [TEST_STEP][PASSED] - Statement - log.logWarning("Link Number |" + links + "|" + " is Named -> " + LinkName): Link Number |2| is Named -> Joint Account

2018-11-18 15:43:39 - [MESSAGE][WARNING] - Link Number |2| is Named -> Joint Account

2018-11-18 15:43:39 - [TEST_STEP][PASSED] - Statement - If (LinkName.contains(link_1) || LinkName.contains(link_2) || LinkName.contains(link_3) || LinkName.contains(link_4) || LinkName.contains(link_5) || LinkName.contains(link_6) || LinkName.contains(link_7)): Verified Link Name |Joint Account| Against Expected Link Names

2018-11-18 15:43:39 - [TEST_STEP][PASSED] - Statement - log.logWarning("Verified Link Name |" + LinkName + "| Against Expected Link Names"): Verified Link Name |Joint Account| Against Expected Link Names

2018-11-18 15:43:39 - [MESSAGE][WARNING] - Verified Link Name |Joint Account| Against Expected Link Names

2018-11-18 15:43:39 - [TEST_STEP][PASSED] - Statement - LinkName = com.kms.katalon.core.webui.keyword.WebUiBuiltInKeywords.getText(com.kms.katalon.core.testobject.ObjectRepository.findTestObject(Homepage/Open Account_Link Name, [linkName:links])): Text of object 'Object Repository/Homepage/Open Account_Link Name' is: 'Special Savings'

2018-11-18 15:43:39 - [MESSAGE][PASSED] - Text of object 'Object Repository/Homepage/Open Account_Link Name' is: 'Special Savings'

2018-11-18 15:43:39 - [TEST_STEP][PASSED] - Statement - log.logWarning("Link Number |" + links + "|" + " is Named -> " + LinkName): Link Number |3| is Named -> Special Savings

2018-11-18 15:43:39 - [MESSAGE][WARNING] - Link Number |3| is Named -> Special Savings

2018-11-18 15:43:39 - [TEST_STEP][PASSED] - Statement - If (LinkName.contains(link_1) || LinkName.contains(link_2) || LinkName.contains(link_3) || LinkName.contains(link_4) || LinkName.contains(link_5) || LinkName.contains(link_6) || LinkName.contains(link_7)): Verified Link Name |Special Savings| Against Expected Link Names

2018-11-18 15:43:39 - [TEST_STEP][PASSED] - Statement - log.logWarning("Verified Link Name |" + LinkName + "| Against Expected Link Names"): Verified Link Name |Special Savings| Against Expected Link Names

2018-11-18 15:43:39 - [MESSAGE][WARNING] - Verified Link Name |Special Savings| Against Expected Link Names

2018-11-18 15:43:39 - [TEST_STEP][PASSED] - Statement - LinkName = com.kms.katalon.core.webui.keyword.WebUiBuiltInKeywords.getText(com.kms.katalon.core.testobject.ObjectRepository.findTestObject(Homepage/Open Account_Link Name, [linkName:links])): Text of object 'Object Repository/Homepage/Open Account_Link Name' is: 'Fixed Savings'

2018-11-18 15:43:39 - [MESSAGE][PASSED] - Text of object 'Object Repository/Homepage/Open Account_Link Name' is: 'Fixed Savings'

2018-11-18 15:43:39 - [TEST_STEP][PASSED] - Statement - log.logWarning("Link Number |" + links + "|" + " is Named -> " + LinkName): Link Number |4| is Named -> Fixed Savings

2018-11-18 15:43:39 - [MESSAGE][WARNING] - Link Number |4| is Named -> Fixed Savings

2018-11-18 15:43:39 - [TEST_STEP][PASSED] - Statement - If (LinkName.contains(link_1) || LinkName.contains(link_2) || LinkName.contains(link_3) || LinkName.contains(link_4) || LinkName.contains(link_5) || LinkName.contains(link_6) || LinkName.contains(link_7)): Verified Link Name |Fixed Savings| Against Expected Link Names

2018-11-18 15:43:39 - [TEST_STEP][PASSED] - Statement - log.logWarning("Verified Link Name |" + LinkName + "| Against Expected Link Names"): Verified Link Name |Fixed Savings| Against Expected Link Names

2018-11-18 15:43:39 - [MESSAGE][WARNING] - Verified Link Name |Fixed Savings| Against Expected Link Names

2018-11-18 15:43:39 - [TEST_STEP][PASSED] - Statement - LinkName = com.kms.katalon.core.webui.keyword.WebUiBuiltInKeywords.getText(com.kms.katalon.core.testobject.ObjectRepository.findTestObject(Homepage/Open Account_Link Name, [linkName:links])): Text of object 'Object Repository/Homepage/Open Account_Link Name' is: 'Cash-extra Savings'

2018-11-18 15:43:39 - [MESSAGE][PASSED] - Text of object 'Object Repository/Homepage/Open Account_Link Name' is: 'Cash-extra Savings'

2018-11-18 15:43:39 - [TEST_STEP][PASSED] - Statement - log.logWarning("Link Number |" + links + "|" + " is Named -> " + LinkName): Link Number |5| is Named -> Cash-extra Savings

2018-11-18 15:43:39 - [MESSAGE][WARNING] - Link Number |5| is Named -> Cash-extra Savings

2018-11-18 15:43:39 - [TEST_STEP][PASSED] - Statement - If (LinkName.contains(link_1) || LinkName.contains(link_2) || LinkName.contains(link_3) || LinkName.contains(link_4) || LinkName.contains(link_5) || LinkName.contains(link_6) || LinkName.contains(link_7)): Verified Link Name |Cash-extra Savings| Against Expected Link Names

2018-11-18 15:43:39 - [TEST_STEP][PASSED] - Statement - log.logWarning("Verified Link Name |" + LinkName + "| Against Expected Link Names"): Verified Link Name |Cash-extra Savings| Against Expected Link Names

2018-11-18 15:43:39 - [MESSAGE][WARNING] - Verified Link Name |Cash-extra Savings| Against Expected Link Names

2018-11-18 15:43:39 - [TEST_STEP][PASSED] - Statement - LinkName = com.kms.katalon.core.webui.keyword.WebUiBuiltInKeywords.getText(com.kms.katalon.core.testobject.ObjectRepository.findTestObject(Homepage/Open Account_Link Name, [linkName:links])): Text of object 'Object Repository/Homepage/Open Account_Link Name' is: 'Student Saving'

2018-11-18 15:43:40 - [MESSAGE][PASSED] - Text of object 'Object Repository/Homepage/Open Account_Link Name' is: 'Student Saving'

2018-11-18 15:43:40 - [TEST_STEP][PASSED] - Statement - log.logWarning("Link Number |" + links + "|" + " is Named -> " + LinkName): Link Number |6| is Named -> Student Saving

2018-11-18 15:43:40 - [MESSAGE][WARNING] - Link Number |6| is Named -> Student Saving

2018-11-18 15:43:40 - [TEST_STEP][PASSED] - Statement - If (LinkName.contains(link_1) || LinkName.contains(link_2) || LinkName.contains(link_3) || LinkName.contains(link_4) || LinkName.contains(link_5) || LinkName.contains(link_6) || LinkName.contains(link_7)): Verified Link Name |Student Saving| Against Expected Link Names

2018-11-18 15:43:40 - [TEST_STEP][PASSED] - Statement - log.logWarning("Verified Link Name |" + LinkName + "| Against Expected Link Names"): Verified Link Name |Student Saving| Against Expected Link Names

2018-11-18 15:43:40 - [MESSAGE][WARNING] - Verified Link Name |Student Saving| Against Expected Link Names

2018-11-18 15:43:40 - [TEST_STEP][PASSED] - Statement - LinkName = com.kms.katalon.core.webui.keyword.WebUiBuiltInKeywords.getText(com.kms.katalon.core.testobject.ObjectRepository.findTestObject(Homepage/Open Account_Link Name, [linkName:links])): Text of object 'Object Repository/Homepage/Open Account_Link Name' is: 'Kira Kibondo'

2018-11-18 15:43:40 - [MESSAGE][PASSED] - Text of object 'Object Repository/Homepage/Open Account_Link Name' is: 'Kira Kibondo'

2018-11-18 15:43:40 - [TEST_STEP][PASSED] - Statement - log.logWarning("Link Number |" + links + "|" + " is Named -> " + LinkName): Link Number |7| is Named -> Kira Kibondo

2018-11-18 15:43:40 - [MESSAGE][WARNING] - Link Number |7| is Named -> Kira Kibondo

2018-11-18 15:43:40 - [TEST_STEP][PASSED] - Statement - If (LinkName.contains(link_1) || LinkName.contains(link_2) || LinkName.contains(link_3) || LinkName.contains(link_4) || LinkName.contains(link_5) || LinkName.contains(link_6) || LinkName.contains(link_7)): Verified Link Name |Kira Kibondo| Against Expected Link Names

2018-11-18 15:43:40 - [TEST_STEP][PASSED] - Statement - log.logWarning("Verified Link Name |" + LinkName + "| Against Expected Link Names"): Verified Link Name |Kira Kibondo| Against Expected Link Names

2018-11-18 15:43:40 - [MESSAGE][WARNING] - Verified Link Name |Kira Kibondo| Against Expected Link Names]]></system-out>
         <system-err><![CDATA[]]></system-err>
      </testcase>
      <testcase name="Test Cases/_Homepage/3. Verify- Open Account Section Links Link to desired Screen" classname="Test Cases/_Homepage/3. Verify- Open Account Section Links Link to desired Screen" status="PASSED">
         <system-out><![CDATA[2018-11-18 15:43:40 - [TEST_CASE][PASSED] - Test Cases/_Homepage/3. Verify- Open Account Section Links Link to desired Screen: Test Cases/_Homepage/3. Verify- Open Account Section Links Link to desired Screen

2018-11-18 15:43:40 - [TEST_STEP][PASSED] - Statement - log = new com.kms.katalon.core.logging.KeywordLogger(): null

2018-11-18 15:43:40 - [TEST_STEP][PASSED] - delay: Delayed 1 second(s)

2018-11-18 15:43:41 - [MESSAGE][PASSED] - Delayed 1 second(s)

2018-11-18 15:43:41 - [TEST_STEP][PASSED] - scrollToPosition: Browser is scrolled to position x = 0, y = 500

2018-11-18 15:43:41 - [MESSAGE][PASSED] - Browser is scrolled to position x = 0, y = 500

2018-11-18 15:43:41 - [TEST_STEP][PASSED] - delay: Delayed 1 second(s)

2018-11-18 15:43:42 - [MESSAGE][PASSED] - Delayed 1 second(s)

2018-11-18 15:43:42 - [TEST_STEP][PASSED] - Statement - homePageURL = com.kms.katalon.core.webui.keyword.WebUiBuiltInKeywords.getUrl(): Current window's url is: 'https://www.bk.rw/personal'

2018-11-18 15:43:42 - [MESSAGE][PASSED] - Current window's url is: 'https://www.bk.rw/personal'

2018-11-18 15:43:42 - [TEST_STEP][PASSED] - Statement - For ([link = 1, link <= 7, (link++)]): Delayed 2 second(s)

2018-11-18 15:43:42 - [TEST_STEP][PASSED] - Statement - linkName = com.kms.katalon.core.webui.keyword.WebUiBuiltInKeywords.getText(com.kms.katalon.core.testobject.ObjectRepository.findTestObject(Homepage/Open Account_Link Name, [linkName:link])): Text of object 'Object Repository/Homepage/Open Account_Link Name' is: 'Personal Current'

2018-11-18 15:43:42 - [MESSAGE][PASSED] - Text of object 'Object Repository/Homepage/Open Account_Link Name' is: 'Personal Current'

2018-11-18 15:43:42 - [TEST_STEP][PASSED] - click: Object: 'Object Repository/Homepage/Open Account_Link Name' is clicked on

2018-11-18 15:44:25 - [MESSAGE][PASSED] - Object: 'Object Repository/Homepage/Open Account_Link Name' is clicked on

2018-11-18 15:44:25 - [TEST_STEP][PASSED] - delay: Delayed 2 second(s)

2018-11-18 15:44:27 - [MESSAGE][PASSED] - Delayed 2 second(s)

2018-11-18 15:44:27 - [TEST_STEP][PASSED] - Statement - link_URL = com.kms.katalon.core.webui.keyword.WebUiBuiltInKeywords.getUrl(): Current window's url is: 'https://www.bk.rw/personal/checking-saving/personal-current'

2018-11-18 15:44:27 - [MESSAGE][PASSED] - Current window's url is: 'https://www.bk.rw/personal/checking-saving/personal-current'

2018-11-18 15:44:27 - [TEST_STEP][PASSED] - Statement - log.logWarning("Page Link cliked on =" + linkName): Page Link cliked on =Personal Current

2018-11-18 15:44:27 - [MESSAGE][WARNING] - Page Link cliked on =Personal Current

2018-11-18 15:44:27 - [TEST_STEP][PASSED] - Statement - If (homePageURL == link_URL): Successfully Navigated to Page URL linked to |Personal Current

2018-11-18 15:44:27 - [TEST_STEP][PASSED] - Statement - log.logWarning("Home Page URL =" + homePageURL + " | Link URL = " + link_URL): Home Page URL =https://www.bk.rw/personal | Link URL = https://www.bk.rw/personal/checking-saving/personal-current

2018-11-18 15:44:27 - [MESSAGE][WARNING] - Home Page URL =https://www.bk.rw/personal | Link URL = https://www.bk.rw/personal/checking-saving/personal-current

2018-11-18 15:44:27 - [TEST_STEP][PASSED] - Statement - log.logWarning("Successfully Navigated to Page URL linked to |" + linkName): Successfully Navigated to Page URL linked to |Personal Current

2018-11-18 15:44:27 - [MESSAGE][WARNING] - Successfully Navigated to Page URL linked to |Personal Current

2018-11-18 15:44:27 - [TEST_STEP][PASSED] - back: Navigate back successfully

2018-11-18 15:44:34 - [MESSAGE][PASSED] - Navigate back successfully

2018-11-18 15:44:34 - [TEST_STEP][PASSED] - delay: Delayed 2 second(s)

2018-11-18 15:44:36 - [MESSAGE][PASSED] - Delayed 2 second(s)

2018-11-18 15:44:36 - [TEST_STEP][PASSED] - Statement - linkName = com.kms.katalon.core.webui.keyword.WebUiBuiltInKeywords.getText(com.kms.katalon.core.testobject.ObjectRepository.findTestObject(Homepage/Open Account_Link Name, [linkName:link])): Text of object 'Object Repository/Homepage/Open Account_Link Name' is: 'Joint Account'

2018-11-18 15:44:36 - [MESSAGE][PASSED] - Text of object 'Object Repository/Homepage/Open Account_Link Name' is: 'Joint Account'

2018-11-18 15:44:36 - [TEST_STEP][PASSED] - click: Object: 'Object Repository/Homepage/Open Account_Link Name' is clicked on

2018-11-18 15:44:52 - [MESSAGE][PASSED] - Object: 'Object Repository/Homepage/Open Account_Link Name' is clicked on

2018-11-18 15:44:52 - [TEST_STEP][PASSED] - delay: Delayed 2 second(s)

2018-11-18 15:44:54 - [MESSAGE][PASSED] - Delayed 2 second(s)

2018-11-18 15:44:54 - [TEST_STEP][PASSED] - Statement - link_URL = com.kms.katalon.core.webui.keyword.WebUiBuiltInKeywords.getUrl(): Current window's url is: 'https://www.bk.rw/personal/checking-saving/joint-current'

2018-11-18 15:44:54 - [MESSAGE][PASSED] - Current window's url is: 'https://www.bk.rw/personal/checking-saving/joint-current'

2018-11-18 15:44:54 - [TEST_STEP][PASSED] - Statement - log.logWarning("Page Link cliked on =" + linkName): Page Link cliked on =Joint Account

2018-11-18 15:44:54 - [MESSAGE][WARNING] - Page Link cliked on =Joint Account

2018-11-18 15:44:54 - [TEST_STEP][PASSED] - Statement - If (homePageURL == link_URL): Successfully Navigated to Page URL linked to |Joint Account

2018-11-18 15:44:54 - [TEST_STEP][PASSED] - Statement - log.logWarning("Home Page URL =" + homePageURL + " | Link URL = " + link_URL): Home Page URL =https://www.bk.rw/personal | Link URL = https://www.bk.rw/personal/checking-saving/joint-current

2018-11-18 15:44:54 - [MESSAGE][WARNING] - Home Page URL =https://www.bk.rw/personal | Link URL = https://www.bk.rw/personal/checking-saving/joint-current

2018-11-18 15:44:54 - [TEST_STEP][PASSED] - Statement - log.logWarning("Successfully Navigated to Page URL linked to |" + linkName): Successfully Navigated to Page URL linked to |Joint Account

2018-11-18 15:44:54 - [MESSAGE][WARNING] - Successfully Navigated to Page URL linked to |Joint Account

2018-11-18 15:44:54 - [TEST_STEP][PASSED] - back: Navigate back successfully

2018-11-18 15:45:06 - [MESSAGE][PASSED] - Navigate back successfully

2018-11-18 15:45:06 - [TEST_STEP][PASSED] - delay: Delayed 2 second(s)

2018-11-18 15:45:08 - [MESSAGE][PASSED] - Delayed 2 second(s)

2018-11-18 15:45:08 - [TEST_STEP][PASSED] - Statement - linkName = com.kms.katalon.core.webui.keyword.WebUiBuiltInKeywords.getText(com.kms.katalon.core.testobject.ObjectRepository.findTestObject(Homepage/Open Account_Link Name, [linkName:link])): Text of object 'Object Repository/Homepage/Open Account_Link Name' is: 'Special Savings'

2018-11-18 15:45:08 - [MESSAGE][PASSED] - Text of object 'Object Repository/Homepage/Open Account_Link Name' is: 'Special Savings'

2018-11-18 15:45:08 - [TEST_STEP][PASSED] - click: Object: 'Object Repository/Homepage/Open Account_Link Name' is clicked on

2018-11-18 15:45:32 - [MESSAGE][PASSED] - Object: 'Object Repository/Homepage/Open Account_Link Name' is clicked on

2018-11-18 15:45:32 - [TEST_STEP][PASSED] - delay: Delayed 2 second(s)

2018-11-18 15:45:34 - [MESSAGE][PASSED] - Delayed 2 second(s)

2018-11-18 15:45:34 - [TEST_STEP][PASSED] - Statement - link_URL = com.kms.katalon.core.webui.keyword.WebUiBuiltInKeywords.getUrl(): Current window's url is: 'https://www.bk.rw/personal/checking-saving/special-saving'

2018-11-18 15:45:34 - [MESSAGE][PASSED] - Current window's url is: 'https://www.bk.rw/personal/checking-saving/special-saving'

2018-11-18 15:45:34 - [TEST_STEP][PASSED] - Statement - log.logWarning("Page Link cliked on =" + linkName): Page Link cliked on =Special Savings

2018-11-18 15:45:34 - [MESSAGE][WARNING] - Page Link cliked on =Special Savings

2018-11-18 15:45:34 - [TEST_STEP][PASSED] - Statement - If (homePageURL == link_URL): Successfully Navigated to Page URL linked to |Special Savings

2018-11-18 15:45:34 - [TEST_STEP][PASSED] - Statement - log.logWarning("Home Page URL =" + homePageURL + " | Link URL = " + link_URL): Home Page URL =https://www.bk.rw/personal | Link URL = https://www.bk.rw/personal/checking-saving/special-saving

2018-11-18 15:45:34 - [MESSAGE][WARNING] - Home Page URL =https://www.bk.rw/personal | Link URL = https://www.bk.rw/personal/checking-saving/special-saving

2018-11-18 15:45:34 - [TEST_STEP][PASSED] - Statement - log.logWarning("Successfully Navigated to Page URL linked to |" + linkName): Successfully Navigated to Page URL linked to |Special Savings

2018-11-18 15:45:34 - [MESSAGE][WARNING] - Successfully Navigated to Page URL linked to |Special Savings

2018-11-18 15:45:34 - [TEST_STEP][PASSED] - back: Navigate back successfully

2018-11-18 15:45:52 - [MESSAGE][PASSED] - Navigate back successfully

2018-11-18 15:45:52 - [TEST_STEP][PASSED] - delay: Delayed 2 second(s)

2018-11-18 15:45:54 - [MESSAGE][PASSED] - Delayed 2 second(s)

2018-11-18 15:45:54 - [TEST_STEP][PASSED] - Statement - linkName = com.kms.katalon.core.webui.keyword.WebUiBuiltInKeywords.getText(com.kms.katalon.core.testobject.ObjectRepository.findTestObject(Homepage/Open Account_Link Name, [linkName:link])): Text of object 'Object Repository/Homepage/Open Account_Link Name' is: 'Fixed Savings'

2018-11-18 15:45:54 - [MESSAGE][PASSED] - Text of object 'Object Repository/Homepage/Open Account_Link Name' is: 'Fixed Savings'

2018-11-18 15:45:54 - [TEST_STEP][PASSED] - click: Object: 'Object Repository/Homepage/Open Account_Link Name' is clicked on

2018-11-18 15:46:09 - [MESSAGE][PASSED] - Object: 'Object Repository/Homepage/Open Account_Link Name' is clicked on

2018-11-18 15:46:09 - [TEST_STEP][PASSED] - delay: Delayed 2 second(s)

2018-11-18 15:46:11 - [MESSAGE][PASSED] - Delayed 2 second(s)

2018-11-18 15:46:11 - [TEST_STEP][PASSED] - Statement - link_URL = com.kms.katalon.core.webui.keyword.WebUiBuiltInKeywords.getUrl(): Current window's url is: 'https://www.bk.rw/personal/checking-saving/fixed-saving'

2018-11-18 15:46:11 - [MESSAGE][PASSED] - Current window's url is: 'https://www.bk.rw/personal/checking-saving/fixed-saving'

2018-11-18 15:46:11 - [TEST_STEP][PASSED] - Statement - log.logWarning("Page Link cliked on =" + linkName): Page Link cliked on =Fixed Savings

2018-11-18 15:46:11 - [MESSAGE][WARNING] - Page Link cliked on =Fixed Savings

2018-11-18 15:46:11 - [TEST_STEP][PASSED] - Statement - If (homePageURL == link_URL): Successfully Navigated to Page URL linked to |Fixed Savings

2018-11-18 15:46:11 - [TEST_STEP][PASSED] - Statement - log.logWarning("Home Page URL =" + homePageURL + " | Link URL = " + link_URL): Home Page URL =https://www.bk.rw/personal | Link URL = https://www.bk.rw/personal/checking-saving/fixed-saving

2018-11-18 15:46:11 - [MESSAGE][WARNING] - Home Page URL =https://www.bk.rw/personal | Link URL = https://www.bk.rw/personal/checking-saving/fixed-saving

2018-11-18 15:46:11 - [TEST_STEP][PASSED] - Statement - log.logWarning("Successfully Navigated to Page URL linked to |" + linkName): Successfully Navigated to Page URL linked to |Fixed Savings

2018-11-18 15:46:11 - [MESSAGE][WARNING] - Successfully Navigated to Page URL linked to |Fixed Savings

2018-11-18 15:46:11 - [TEST_STEP][PASSED] - back: Navigate back successfully

2018-11-18 15:46:19 - [MESSAGE][PASSED] - Navigate back successfully

2018-11-18 15:46:19 - [TEST_STEP][PASSED] - delay: Delayed 2 second(s)

2018-11-18 15:46:21 - [MESSAGE][PASSED] - Delayed 2 second(s)

2018-11-18 15:46:21 - [TEST_STEP][PASSED] - Statement - linkName = com.kms.katalon.core.webui.keyword.WebUiBuiltInKeywords.getText(com.kms.katalon.core.testobject.ObjectRepository.findTestObject(Homepage/Open Account_Link Name, [linkName:link])): Text of object 'Object Repository/Homepage/Open Account_Link Name' is: 'Cash-extra Savings'

2018-11-18 15:46:21 - [MESSAGE][PASSED] - Text of object 'Object Repository/Homepage/Open Account_Link Name' is: 'Cash-extra Savings'

2018-11-18 15:46:21 - [TEST_STEP][PASSED] - click: Object: 'Object Repository/Homepage/Open Account_Link Name' is clicked on

2018-11-18 15:46:37 - [MESSAGE][PASSED] - Object: 'Object Repository/Homepage/Open Account_Link Name' is clicked on

2018-11-18 15:46:37 - [TEST_STEP][PASSED] - delay: Delayed 2 second(s)

2018-11-18 15:46:39 - [MESSAGE][PASSED] - Delayed 2 second(s)

2018-11-18 15:46:39 - [TEST_STEP][PASSED] - Statement - link_URL = com.kms.katalon.core.webui.keyword.WebUiBuiltInKeywords.getUrl(): Current window's url is: 'https://www.bk.rw/personal/checking-saving/cash-extra-saving'

2018-11-18 15:46:39 - [MESSAGE][PASSED] - Current window's url is: 'https://www.bk.rw/personal/checking-saving/cash-extra-saving'

2018-11-18 15:46:39 - [TEST_STEP][PASSED] - Statement - log.logWarning("Page Link cliked on =" + linkName): Page Link cliked on =Cash-extra Savings

2018-11-18 15:46:39 - [MESSAGE][WARNING] - Page Link cliked on =Cash-extra Savings

2018-11-18 15:46:39 - [TEST_STEP][PASSED] - Statement - If (homePageURL == link_URL): Successfully Navigated to Page URL linked to |Cash-extra Savings

2018-11-18 15:46:39 - [TEST_STEP][PASSED] - Statement - log.logWarning("Home Page URL =" + homePageURL + " | Link URL = " + link_URL): Home Page URL =https://www.bk.rw/personal | Link URL = https://www.bk.rw/personal/checking-saving/cash-extra-saving

2018-11-18 15:46:39 - [MESSAGE][WARNING] - Home Page URL =https://www.bk.rw/personal | Link URL = https://www.bk.rw/personal/checking-saving/cash-extra-saving

2018-11-18 15:46:39 - [TEST_STEP][PASSED] - Statement - log.logWarning("Successfully Navigated to Page URL linked to |" + linkName): Successfully Navigated to Page URL linked to |Cash-extra Savings

2018-11-18 15:46:39 - [MESSAGE][WARNING] - Successfully Navigated to Page URL linked to |Cash-extra Savings

2018-11-18 15:46:39 - [TEST_STEP][PASSED] - back: Navigate back successfully

2018-11-18 15:46:45 - [MESSAGE][PASSED] - Navigate back successfully

2018-11-18 15:46:45 - [TEST_STEP][PASSED] - delay: Delayed 2 second(s)

2018-11-18 15:46:47 - [MESSAGE][PASSED] - Delayed 2 second(s)

2018-11-18 15:46:47 - [TEST_STEP][PASSED] - Statement - linkName = com.kms.katalon.core.webui.keyword.WebUiBuiltInKeywords.getText(com.kms.katalon.core.testobject.ObjectRepository.findTestObject(Homepage/Open Account_Link Name, [linkName:link])): Text of object 'Object Repository/Homepage/Open Account_Link Name' is: 'Student Saving'

2018-11-18 15:46:47 - [MESSAGE][PASSED] - Text of object 'Object Repository/Homepage/Open Account_Link Name' is: 'Student Saving'

2018-11-18 15:46:47 - [TEST_STEP][PASSED] - click: Object: 'Object Repository/Homepage/Open Account_Link Name' is clicked on

2018-11-18 15:47:05 - [MESSAGE][PASSED] - Object: 'Object Repository/Homepage/Open Account_Link Name' is clicked on

2018-11-18 15:47:05 - [TEST_STEP][PASSED] - delay: Delayed 2 second(s)

2018-11-18 15:47:07 - [MESSAGE][PASSED] - Delayed 2 second(s)

2018-11-18 15:47:07 - [TEST_STEP][PASSED] - Statement - link_URL = com.kms.katalon.core.webui.keyword.WebUiBuiltInKeywords.getUrl(): Current window's url is: 'https://www.bk.rw/personal/checking-saving/student-saving-account'

2018-11-18 15:47:07 - [MESSAGE][PASSED] - Current window's url is: 'https://www.bk.rw/personal/checking-saving/student-saving-account'

2018-11-18 15:47:07 - [TEST_STEP][PASSED] - Statement - log.logWarning("Page Link cliked on =" + linkName): Page Link cliked on =Student Saving

2018-11-18 15:47:07 - [MESSAGE][WARNING] - Page Link cliked on =Student Saving

2018-11-18 15:47:07 - [TEST_STEP][PASSED] - Statement - If (homePageURL == link_URL): Successfully Navigated to Page URL linked to |Student Saving

2018-11-18 15:47:07 - [TEST_STEP][PASSED] - Statement - log.logWarning("Home Page URL =" + homePageURL + " | Link URL = " + link_URL): Home Page URL =https://www.bk.rw/personal | Link URL = https://www.bk.rw/personal/checking-saving/student-saving-account

2018-11-18 15:47:07 - [MESSAGE][WARNING] - Home Page URL =https://www.bk.rw/personal | Link URL = https://www.bk.rw/personal/checking-saving/student-saving-account

2018-11-18 15:47:07 - [TEST_STEP][PASSED] - Statement - log.logWarning("Successfully Navigated to Page URL linked to |" + linkName): Successfully Navigated to Page URL linked to |Student Saving

2018-11-18 15:47:07 - [MESSAGE][WARNING] - Successfully Navigated to Page URL linked to |Student Saving

2018-11-18 15:47:07 - [TEST_STEP][PASSED] - back: Navigate back successfully

2018-11-18 15:47:30 - [MESSAGE][PASSED] - Navigate back successfully

2018-11-18 15:47:30 - [TEST_STEP][PASSED] - delay: Delayed 2 second(s)

2018-11-18 15:47:32 - [MESSAGE][PASSED] - Delayed 2 second(s)

2018-11-18 15:47:32 - [TEST_STEP][PASSED] - Statement - linkName = com.kms.katalon.core.webui.keyword.WebUiBuiltInKeywords.getText(com.kms.katalon.core.testobject.ObjectRepository.findTestObject(Homepage/Open Account_Link Name, [linkName:link])): Text of object 'Object Repository/Homepage/Open Account_Link Name' is: 'Kira Kibondo'

2018-11-18 15:47:32 - [MESSAGE][PASSED] - Text of object 'Object Repository/Homepage/Open Account_Link Name' is: 'Kira Kibondo'

2018-11-18 15:47:32 - [TEST_STEP][PASSED] - click: Object: 'Object Repository/Homepage/Open Account_Link Name' is clicked on

2018-11-18 15:47:48 - [MESSAGE][PASSED] - Object: 'Object Repository/Homepage/Open Account_Link Name' is clicked on

2018-11-18 15:47:48 - [TEST_STEP][PASSED] - delay: Delayed 2 second(s)

2018-11-18 15:47:50 - [MESSAGE][PASSED] - Delayed 2 second(s)

2018-11-18 15:47:50 - [TEST_STEP][PASSED] - Statement - link_URL = com.kms.katalon.core.webui.keyword.WebUiBuiltInKeywords.getUrl(): Current window's url is: 'https://www.bk.rw/personal/checking-saving/kira-kibondo'

2018-11-18 15:47:50 - [MESSAGE][PASSED] - Current window's url is: 'https://www.bk.rw/personal/checking-saving/kira-kibondo'

2018-11-18 15:47:50 - [TEST_STEP][PASSED] - Statement - log.logWarning("Page Link cliked on =" + linkName): Page Link cliked on =Kira Kibondo

2018-11-18 15:47:50 - [MESSAGE][WARNING] - Page Link cliked on =Kira Kibondo

2018-11-18 15:47:50 - [TEST_STEP][PASSED] - Statement - If (homePageURL == link_URL): Successfully Navigated to Page URL linked to |Kira Kibondo

2018-11-18 15:47:50 - [TEST_STEP][PASSED] - Statement - log.logWarning("Home Page URL =" + homePageURL + " | Link URL = " + link_URL): Home Page URL =https://www.bk.rw/personal | Link URL = https://www.bk.rw/personal/checking-saving/kira-kibondo

2018-11-18 15:47:50 - [MESSAGE][WARNING] - Home Page URL =https://www.bk.rw/personal | Link URL = https://www.bk.rw/personal/checking-saving/kira-kibondo

2018-11-18 15:47:50 - [TEST_STEP][PASSED] - Statement - log.logWarning("Successfully Navigated to Page URL linked to |" + linkName): Successfully Navigated to Page URL linked to |Kira Kibondo

2018-11-18 15:47:50 - [MESSAGE][WARNING] - Successfully Navigated to Page URL linked to |Kira Kibondo

2018-11-18 15:47:50 - [TEST_STEP][PASSED] - back: Navigate back successfully

2018-11-18 15:48:00 - [MESSAGE][PASSED] - Navigate back successfully

2018-11-18 15:48:00 - [TEST_STEP][PASSED] - delay: Delayed 2 second(s)

2018-11-18 15:48:02 - [MESSAGE][PASSED] - Delayed 2 second(s)]]></system-out>
         <system-err><![CDATA[]]></system-err>
      </testcase>
      <testcase name="Test Cases/_Homepage/4 .Verify- USD Foreign Exchange Rate Values" classname="Test Cases/_Homepage/4 .Verify- USD Foreign Exchange Rate Values" status="PASSED">
         <system-out><![CDATA[2018-11-18 15:48:02 - [TEST_CASE][PASSED] - Test Cases/_Homepage/4 .Verify- USD Foreign Exchange Rate Values: Test Cases/_Homepage/4 .Verify- USD Foreign Exchange Rate Values

2018-11-18 15:48:03 - [TEST_STEP][PASSED] - Statement - log = new com.kms.katalon.core.logging.KeywordLogger(): null

2018-11-18 15:48:03 - [TEST_STEP][PASSED] - delay: Delayed 1 second(s)

2018-11-18 15:48:04 - [MESSAGE][PASSED] - Delayed 1 second(s)

2018-11-18 15:48:04 - [TEST_STEP][PASSED] - scrollToElement: Scroll to object 'Object Repository/Homepage/table- Exchange Rate' successfully

2018-11-18 15:48:04 - [MESSAGE][PASSED] - Scroll to object 'Object Repository/Homepage/table- Exchange Rate' successfully

2018-11-18 15:48:04 - [TEST_STEP][PASSED] - delay: Delayed 1 second(s)

2018-11-18 15:48:05 - [MESSAGE][PASSED] - Delayed 1 second(s)

2018-11-18 15:48:05 - [TEST_STEP][PASSED] - Statement - Currency_Name = com.kms.katalon.core.webui.keyword.WebUiBuiltInKeywords.getText(com.kms.katalon.core.testobject.ObjectRepository.findTestObject(Homepage/table- Exchange Rate, [row:2, col:1])): Text of object 'Object Repository/Homepage/table- Exchange Rate' is: ' USD'

2018-11-18 15:48:06 - [MESSAGE][PASSED] - Text of object 'Object Repository/Homepage/table- Exchange Rate' is: ' USD'

2018-11-18 15:48:06 - [TEST_STEP][PASSED] - Statement - Buy_Price = com.kms.katalon.core.webui.keyword.WebUiBuiltInKeywords.getText(com.kms.katalon.core.testobject.ObjectRepository.findTestObject(Homepage/table- Exchange Rate, [row:2, col:2])): Text of object 'Object Repository/Homepage/table- Exchange Rate' is: '866.00'

2018-11-18 15:48:06 - [MESSAGE][PASSED] - Text of object 'Object Repository/Homepage/table- Exchange Rate' is: '866.00'

2018-11-18 15:48:06 - [TEST_STEP][PASSED] - Statement - Sell_Price = com.kms.katalon.core.webui.keyword.WebUiBuiltInKeywords.getText(com.kms.katalon.core.testobject.ObjectRepository.findTestObject(Homepage/table- Exchange Rate, [row:2, col:3])): Text of object 'Object Repository/Homepage/table- Exchange Rate' is: '891.75'

2018-11-18 15:48:06 - [MESSAGE][PASSED] - Text of object 'Object Repository/Homepage/table- Exchange Rate' is: '891.75'

2018-11-18 15:48:06 - [TEST_STEP][PASSED] - Statement - BuyPrice_Int = Buy_Price.toDouble(): null

2018-11-18 15:48:06 - [TEST_STEP][PASSED] - Statement - SellPrice_Int = Sell_Price.toDouble(): null

2018-11-18 15:48:06 - [TEST_STEP][PASSED] - Statement - If (SellPrice_Int > BuyPrice_Int && SellPrice_Int >= 800.00): Successfully Verified ->Sell Price is Higher than Buy Price & Sell Price is Higher than or Equal to 800

2018-11-18 15:48:06 - [TEST_STEP][PASSED] - Statement - log.logWarning("Currency Name = " + Currency_Name): Currency Name =  USD

2018-11-18 15:48:06 - [MESSAGE][WARNING] - Currency Name =  USD

2018-11-18 15:48:06 - [TEST_STEP][PASSED] - Statement - log.logWarning("Sell Price = " + SellPrice_Int + "| Buy Price = " + BuyPrice_Int): Sell Price = 891.75| Buy Price = 866.0

2018-11-18 15:48:06 - [MESSAGE][WARNING] - Sell Price = 891.75| Buy Price = 866.0

2018-11-18 15:48:06 - [TEST_STEP][PASSED] - Statement - log.logWarning("Successfully Verified ->Sell Price is Higher than Buy Price & Sell Price is Higher than or Equal to 800"): Successfully Verified ->Sell Price is Higher than Buy Price & Sell Price is Higher than or Equal to 800

2018-11-18 15:48:06 - [MESSAGE][WARNING] - Successfully Verified ->Sell Price is Higher than Buy Price & Sell Price is Higher than or Equal to 800]]></system-out>
         <system-err><![CDATA[]]></system-err>
      </testcase>
      <system-out><![CDATA[2018-11-18 15:41:14 - [TEST_SUITE][PASSED] - _Homepage Tests: Test Cases/_Homepage/4 .Verify- USD Foreign Exchange Rate Values]]></system-out>
      <system-err><![CDATA[]]></system-err>
   </testsuite>
</testsuites>
