<?xml version="1.0" encoding="UTF-8"?>
<testsuites name="__Online Banking Page" time="87" tests="1" failures="1" errors="0">
   <testsuite name="__Online Banking Page" tests="1" failures="1" errors="0" time="87" timestamp="2018-11-18 15:25:31" hostname="Tezza - DESKTOP-CTRD12V" id="Test Suites/__Online Banking Page">
      <properties>
         <property name="deviceName" value=""/>
         <property name="devicePlatform" value=""/>
         <property name="logFolder" value="C:\\Users\\Tezza\\Desktop\\BankOfKigali\\Bank_Of_Kigali\\Reports\\__Online Banking Page\\20181118_152527"/>
         <property name="logFiles" value="C:\\Users\\Tezza\\Desktop\\BankOfKigali\\Bank_Of_Kigali\\Reports\\__Online Banking Page\\20181118_152527\\execution0.log"/>
         <property name="attachments" value="C:\\Users\\Tezza\\Desktop\\BankOfKigali\\Bank_Of_Kigali\\Reports\\__Online Banking Page\\20181118_152527\\1542544017060.png"/>
         <property name="hostName" value="Tezza - DESKTOP-CTRD12V"/>
         <property name="os" value="Windows 10 64bit"/>
         <property name="katalonVersion" value="5.4.1.1"/>
         <property name="browser" value="Chrome 70.0.3538.102"/>
         <property name="hostAddress" value="192.168.43.53"/>
         <property name="sessionId" value="405d3ecf6c8e1d1836155be27b03140e"/>
         <property name="seleniumVersion" value="3.7.1"/>
         <property name="proxyInformation" value="ProxyInformation{proxyOption=NO_PROXY, proxyServerType=HTTP, password=, proxyServerAddress=, proxyServerPort=0}"/>
         <property name="platform" value="Windows 10"/>
      </properties>
      <testcase name="Test Cases/Navigate to Homepage" classname="Test Cases/Navigate to Homepage" status="PASSED">
         <system-out><![CDATA[2018-11-18 15:25:32 - [TEST_CASE][PASSED] - Test Cases/Navigate to Homepage: Test Cases/Navigate to Homepage

2018-11-18 15:25:32 - [TEST_STEP][PASSED] - openBrowser: Browser is opened with url: 'https://www.bk.rw/personal'

2018-11-18 15:25:57 - [MESSAGE][PASSED] - Browser is opened with url: 'https://www.bk.rw/personal'

2018-11-18 15:25:57 - [TEST_STEP][PASSED] - maximizeWindow: Current window maximized

2018-11-18 15:25:57 - [MESSAGE][PASSED] - Current window maximized

2018-11-18 15:25:57 - [TEST_STEP][PASSED] - delay: Delayed 2 second(s)

2018-11-18 15:25:59 - [MESSAGE][PASSED] - Delayed 2 second(s)]]></system-out>
         <system-err><![CDATA[]]></system-err>
      </testcase>
      <testcase name="Test Cases/__Online Banking Page/Verify- APPLY NOW Button Present on Page" classname="Test Cases/__Online Banking Page/Verify- APPLY NOW Button Present on Page" status="FAILED">
         <failure type="FAILED" message="Unable to move mouse over object 'Object Repository/Top Navigation/Current and Savings Account Link' (Root cause: com.kms.katalon.core.webui.exception.WebElementNotFoundException: Web element with id: 'Object Repository/Top Navigation/Current and Savings Account Link' located by 'By.xpath: //section[@class=&quot;menu wb_personal-nav original&quot;]//*[@id='nav']//a[contains(.,'Current &amp; Savings')]' not found)"/>
         <system-out><![CDATA[2018-11-18 15:25:59 - [TEST_CASE][FAILED] - Test Cases/__Online Banking Page/Verify- APPLY NOW Button Present on Page: Test Cases/__Online Banking Page/Verify- APPLY NOW Button Present on Page FAILED because (of) Unable to move mouse over object 'Object Repository/Top Navigation/Current and Savings Account Link' (Root cause: com.kms.katalon.core.webui.exception.WebElementNotFoundException: Web element with id: 'Object Repository/Top Navigation/Current and Savings Account Link' located by 'By.xpath: //section[@class="menu wb_personal-nav original"]//*[@id='nav']//a[contains(.,'Current & Savings')]' not found)

2018-11-18 15:25:59 - [TEST_STEP][PASSED] - Statement - log = new com.kms.katalon.core.logging.KeywordLogger(): null

2018-11-18 15:25:59 - [TEST_STEP][PASSED] - callTestCase: Call Test Case 'Test Cases/Navigate to Homepage' successfully

2018-11-18 15:25:59 - [TEST_CASE][PASSED] - Test Cases/Navigate to Homepage: Test Cases/Navigate to Homepage

2018-11-18 15:25:59 - [TEST_STEP][PASSED] - openBrowser: Browser is opened with url: 'https://www.bk.rw/personal'

2018-11-18 15:26:21 - [MESSAGE][PASSED] - Browser is opened with url: 'https://www.bk.rw/personal'

2018-11-18 15:26:21 - [TEST_STEP][PASSED] - maximizeWindow: Current window maximized

2018-11-18 15:26:21 - [MESSAGE][PASSED] - Current window maximized

2018-11-18 15:26:21 - [TEST_STEP][PASSED] - delay: Delayed 2 second(s)

2018-11-18 15:26:23 - [MESSAGE][PASSED] - Delayed 2 second(s)

2018-11-18 15:26:23 - [MESSAGE][PASSED] - Call Test Case 'Test Cases/Navigate to Homepage' successfully

2018-11-18 15:26:23 - [TEST_STEP][PASSED] - delay: Delayed 2 second(s)

2018-11-18 15:26:25 - [MESSAGE][PASSED] - Delayed 2 second(s)

2018-11-18 15:26:25 - [TEST_STEP][FAILED] - mouseOver: Unable to move mouse over object 'Object Repository/Top Navigation/Current and Savings Account Link' (Root cause: com.kms.katalon.core.webui.exception.WebElementNotFoundException: Web element with id: 'Object Repository/Top Navigation/Current and Savings Account Link' located by 'By.xpath: //section[@class="menu wb_personal-nav original"]//*[@id='nav']//a[contains(.,'Current & Savings')]' not found)

2018-11-18 15:26:57 - [MESSAGE][FAILED] - Unable to move mouse over object 'Object Repository/Top Navigation/Current and Savings Account Link' (Root cause: com.kms.katalon.core.webui.exception.WebElementNotFoundException: Web element with id: 'Object Repository/Top Navigation/Current and Savings Account Link' located by 'By.xpath: //section[@class="menu wb_personal-nav original"]//*[@id='nav']//a[contains(.,'Current & Savings')]' not found)
[[ATTACHMENT|C:\\Users\\Tezza\\Desktop\\BankOfKigali\\Bank_Of_Kigali\\Reports\\__Online Banking Page\\20181118_152527\\1542544017060.png]]]]></system-out>
         <system-err><![CDATA[2018-11-18 15:25:59 - [TEST_CASE][FAILED] - Test Cases/__Online Banking Page/Verify- APPLY NOW Button Present on Page: Test Cases/__Online Banking Page/Verify- APPLY NOW Button Present on Page FAILED because (of) Unable to move mouse over object 'Object Repository/Top Navigation/Current and Savings Account Link' (Root cause: com.kms.katalon.core.webui.exception.WebElementNotFoundException: Web element with id: 'Object Repository/Top Navigation/Current and Savings Account Link' located by 'By.xpath: //section[@class="menu wb_personal-nav original"]//*[@id='nav']//a[contains(.,'Current & Savings')]' not found)]]></system-err>
      </testcase>
      <system-out><![CDATA[2018-11-18 15:25:31 - [TEST_SUITE][FAILED] - __Online Banking Page: Test Cases/__Online Banking Page/Verify- APPLY NOW Button Present on Page FAILED because (of) Unable to move mouse over object 'Object Repository/Top Navigation/Current and Savings Account Link' (Root cause: com.kms.katalon.core.webui.exception.WebElementNotFoundException: Web element with id: 'Object Repository/Top Navigation/Current and Savings Account Link' located by 'By.xpath: //section[@class="menu wb_personal-nav original"]//*[@id='nav']//a[contains(.,'Current & Savings')]' not found)]]></system-out>
      <system-err><![CDATA[2018-11-18 15:25:31 - [TEST_SUITE][FAILED] - __Online Banking Page: Test Cases/__Online Banking Page/Verify- APPLY NOW Button Present on Page FAILED because (of) Unable to move mouse over object 'Object Repository/Top Navigation/Current and Savings Account Link' (Root cause: com.kms.katalon.core.webui.exception.WebElementNotFoundException: Web element with id: 'Object Repository/Top Navigation/Current and Savings Account Link' located by 'By.xpath: //section[@class="menu wb_personal-nav original"]//*[@id='nav']//a[contains(.,'Current & Savings')]' not found)]]></system-err>
   </testsuite>
</testsuites>
